<?xml version="1.0" encoding="UTF-8"?>
<!-- Generated by org.testng.reporters.JUnitReportReporter -->
<testsuite hostname="SL-Laptop-D54" failures="0" tests="1" name="sel1.SeleniumCode" time="13.701" errors="0" timestamp="2023-10-16T10:21:01 IST" skipped="0">
  <testcase classname="sel1.SeleniumCode" name="t1_01_validate_login_zero_app" time="13.701"/>
</testsuite> <!-- sel1.SeleniumCode -->
